0 info it worked if it ends with ok
1 verbose cli [ 'C:\\Program Files\\nodejs\\node.exe',
1 verbose cli   'C:\\Program Files\\nodejs\\node_modules\\npm\\bin\\npm-cli.js',
1 verbose cli   'install',
1 verbose cli   'node-mariasql' ]
2 info using npm@2.15.1
3 info using node@v4.4.4
4 verbose install initial load of C:\Users\dan.cehan\Desktop\WeGaS\wegasGame\package.json
5 warn package.json wegas_multi@1.0.0 No repository field.
6 warn package.json wegas_multi@1.0.0 No README data
7 verbose installManyTop reading scoped package data from C:\Users\dan.cehan\Desktop\WeGaS\wegasGame\node_modules\express\package.json
8 verbose installManyTop reading scoped package data from C:\Users\dan.cehan\Desktop\WeGaS\wegasGame\node_modules\mysql\package.json
9 verbose installManyTop reading scoped package data from C:\Users\dan.cehan\Desktop\WeGaS\wegasGame\node_modules\node-mysql\package.json
10 verbose installManyTop reading scoped package data from C:\Users\dan.cehan\Desktop\WeGaS\wegasGame\node_modules\socket.io\package.json
11 info package.json node-mysql@0.4.2 No license field.
12 verbose readDependencies loading dependencies from C:\Users\dan.cehan\Desktop\WeGaS\wegasGame\package.json
13 silly cache add args [ 'node-mariasql', null ]
14 verbose cache add spec node-mariasql
15 silly cache add parsed spec Result {
15 silly cache add   raw: 'node-mariasql',
15 silly cache add   scope: null,
15 silly cache add   name: 'node-mariasql',
15 silly cache add   rawSpec: '',
15 silly cache add   spec: 'latest',
15 silly cache add   type: 'tag' }
16 silly addNamed node-mariasql@latest
17 verbose addNamed "latest" is being treated as a dist-tag for node-mariasql
18 info addNameTag [ 'node-mariasql', 'latest' ]
19 silly mapToRegistry name node-mariasql
20 silly mapToRegistry using default registry
21 silly mapToRegistry registry https://registry.npmjs.org/
22 silly mapToRegistry data Result {
22 silly mapToRegistry   raw: 'node-mariasql',
22 silly mapToRegistry   scope: null,
22 silly mapToRegistry   name: 'node-mariasql',
22 silly mapToRegistry   rawSpec: '',
22 silly mapToRegistry   spec: 'latest',
22 silly mapToRegistry   type: 'tag' }
23 silly mapToRegistry uri https://registry.npmjs.org/node-mariasql
24 verbose addNameTag registry:https://registry.npmjs.org/node-mariasql not in flight; fetching
25 verbose request uri https://registry.npmjs.org/node-mariasql
26 verbose request no auth needed
27 info attempt registry request try #1 at 2:06:15 AM
28 verbose request id 1860210ec9b58ce0
29 http request GET https://registry.npmjs.org/node-mariasql
30 http 404 https://registry.npmjs.org/node-mariasql
31 verbose headers { 'content-type': 'application/json',
31 verbose headers   'cache-control': 'max-age=0',
31 verbose headers   'content-length': '2',
31 verbose headers   'accept-ranges': 'bytes',
31 verbose headers   date: 'Mon, 06 Jun 2016 23:06:15 GMT',
31 verbose headers   via: '1.1 varnish',
31 verbose headers   age: '0',
31 verbose headers   connection: 'keep-alive',
31 verbose headers   'x-served-by': 'cache-fra1232-FRA',
31 verbose headers   'x-cache': 'MISS',
31 verbose headers   'x-cache-hits': '0',
31 verbose headers   'x-timer': 'S1465254374.684493,VS0,VE398',
31 verbose headers   vary: 'Accept-Encoding' }
32 silly get cb [ 404,
32 silly get   { 'content-type': 'application/json',
32 silly get     'cache-control': 'max-age=0',
32 silly get     'content-length': '2',
32 silly get     'accept-ranges': 'bytes',
32 silly get     date: 'Mon, 06 Jun 2016 23:06:15 GMT',
32 silly get     via: '1.1 varnish',
32 silly get     age: '0',
32 silly get     connection: 'keep-alive',
32 silly get     'x-served-by': 'cache-fra1232-FRA',
32 silly get     'x-cache': 'MISS',
32 silly get     'x-cache-hits': '0',
32 silly get     'x-timer': 'S1465254374.684493,VS0,VE398',
32 silly get     vary: 'Accept-Encoding' } ]
33 verbose stack Error: Registry returned 404 for GET on https://registry.npmjs.org/node-mariasql
33 verbose stack     at makeError (C:\Program Files\nodejs\node_modules\npm\node_modules\npm-registry-client\lib\request.js:264:12)
33 verbose stack     at CachingRegistryClient.<anonymous> (C:\Program Files\nodejs\node_modules\npm\node_modules\npm-registry-client\lib\request.js:242:14)
33 verbose stack     at Request._callback (C:\Program Files\nodejs\node_modules\npm\node_modules\npm-registry-client\lib\request.js:172:14)
33 verbose stack     at Request.self.callback (C:\Program Files\nodejs\node_modules\npm\node_modules\request\request.js:199:22)
33 verbose stack     at emitTwo (events.js:87:13)
33 verbose stack     at Request.emit (events.js:172:7)
33 verbose stack     at Request.<anonymous> (C:\Program Files\nodejs\node_modules\npm\node_modules\request\request.js:1036:10)
33 verbose stack     at emitOne (events.js:82:20)
33 verbose stack     at Request.emit (events.js:169:7)
33 verbose stack     at IncomingMessage.<anonymous> (C:\Program Files\nodejs\node_modules\npm\node_modules\request\request.js:963:12)
34 verbose statusCode 404
35 verbose pkgid node-mariasql
36 verbose cwd C:\Users\dan.cehan\Desktop\WeGaS\wegasGame
37 error Windows_NT 6.3.9600
38 error argv "C:\\Program Files\\nodejs\\node.exe" "C:\\Program Files\\nodejs\\node_modules\\npm\\bin\\npm-cli.js" "install" "node-mariasql"
39 error node v4.4.4
40 error npm  v2.15.1
41 error code E404
42 error 404 Registry returned 404 for GET on https://registry.npmjs.org/node-mariasql
42 error 404
42 error 404 'node-mariasql' is not in the npm registry.
42 error 404 You should bug the author to publish it (or use the name yourself!)
42 error 404 It was specified as a dependency of 'wegas_multi'
42 error 404
42 error 404 Note that you can also install from a
42 error 404 tarball, folder, http url, or git url.
43 verbose exit [ 1, true ]
